<?xml version="1.0" encoding="UTF-8"?>
<testsuite name="SolutionTest" tests="1" skipped="0" failures="0" errors="0" timestamp="2020-10-05T08:50:49" hostname="DESKTOP-2V4RK8Q" time="0.0">
  <properties/>
  <testcase name="solutionTest" classname="SolutionTest" time="0.0"/>
  <system-out><![CDATA[]]></system-out>
  <system-err><![CDATA[]]></system-err>
</testsuite>
